#-----------------------------------------------------------
# Vivado v2014.4.1 (64-bit)
# SW Build 1149489 on Thu Feb 19 16:01:47 MST 2015
# IP Build 1147552 on Wed Feb 18 14:25:16 MST 2015
# Start of session at: Thu Dec  3 19:44:44 2015
# Process ID: 11921
# Log file: /afs/athena.mit.edu/user/p/l/plancher/Desktop/6.111-Final-Project/vivado.log
# Journal file: /afs/athena.mit.edu/user/p/l/plancher/Desktop/6.111-Final-Project/vivado.jou
#-----------------------------------------------------------
start_gui
create_project Rover /afs/athena.mit.edu/user/p/l/plancher/Desktop/6.111-Final-Project/Rover -part xc7a100tcsg324-3
INFO: [IP_Flow 19-234] Refreshing IP repositories
INFO: [IP_Flow 19-1704] No user IP repositories specified
INFO: [IP_Flow 19-2313] Loaded Vivado IP repository '/mit/6.111/xilinx-vivado/Vivado/2014.4/data/ip'.
add_files -norecurse {/afs/athena.mit.edu/user/p/l/plancher/Desktop/6.111-Final-Project/Sources/Rover/rover_main_fsm.v /afs/athena.mit.edu/user/p/l/plancher/Desktop/6.111-Final-Project/Sources/Rover/motor_signal_stream.v /afs/athena.mit.edu/user/p/l/plancher/Desktop/6.111-Final-Project/Sources/Shared/divider_600us.v /afs/athena.mit.edu/user/p/l/plancher/Desktop/6.111-Final-Project/Sources/Rover/ir_receiver.v /afs/athena.mit.edu/user/p/l/plancher/Desktop/6.111-Final-Project/Sources/Rover/display_8hex_nexys4.v /afs/athena.mit.edu/user/p/l/plancher/Desktop/6.111-Final-Project/Sources/Rover/labkit_Rover.v /afs/athena.mit.edu/user/p/l/plancher/Desktop/6.111-Final-Project/Sources/Shared/synchronize.v}
add_files -fileset constrs_1 -norecurse /afs/athena.mit.edu/user/p/l/plancher/Desktop/6.111-Final-Project/Sources/Rover/Nexys4DDR_Master_lab4.xdc
update_compile_order -fileset sources_1
update_compile_order -fileset sources_1
update_compile_order -fileset sim_1
open_hw
connect_hw_server
INFO: [Labtools 27-2285] Connecting to hw_server url TCP:localhost:3121
