#-----------------------------------------------------------
# Vivado v2014.4.1 (64-bit)
# SW Build 1149489 on Thu Feb 19 16:01:47 MST 2015
# IP Build 1147552 on Wed Feb 18 14:25:16 MST 2015
# Start of session at: Thu Dec  3 19:48:34 2015
# Process ID: 12323
# Log file: /afs/athena.mit.edu/user/p/l/plancher/Desktop/6.111-Final-Project/vivado.log
# Journal file: /afs/athena.mit.edu/user/p/l/plancher/Desktop/6.111-Final-Project/vivado.jou
#-----------------------------------------------------------
start_gui
create_project Rover /afs/athena.mit.edu/user/p/l/plancher/Desktop/6.111-Final-Project/Rover -part xc7a100tcsg324-3
INFO: [IP_Flow 19-234] Refreshing IP repositories
INFO: [IP_Flow 19-1704] No user IP repositories specified
INFO: [IP_Flow 19-2313] Loaded Vivado IP repository '/mit/6.111/xilinx-vivado/Vivado/2014.4/data/ip'.
add_files -norecurse {/afs/athena.mit.edu/user/p/l/plancher/Desktop/6.111-Final-Project/Sources/Rover/rover_main_fsm.v /afs/athena.mit.edu/user/p/l/plancher/Desktop/6.111-Final-Project/Sources/Rover/motor_signal_stream.v /afs/athena.mit.edu/user/p/l/plancher/Desktop/6.111-Final-Project/Sources/Shared/divider_600us.v /afs/athena.mit.edu/user/p/l/plancher/Desktop/6.111-Final-Project/Sources/Rover/ir_receiver.v /afs/athena.mit.edu/user/p/l/plancher/Desktop/6.111-Final-Project/Sources/Rover/display_8hex_nexys4.v /afs/athena.mit.edu/user/p/l/plancher/Desktop/6.111-Final-Project/Sources/Rover/labkit_Rover.v /afs/athena.mit.edu/user/p/l/plancher/Desktop/6.111-Final-Project/Sources/Shared/synchronize.v}
add_files -fileset constrs_1 -norecurse /afs/athena.mit.edu/user/p/l/plancher/Desktop/6.111-Final-Project/Sources/Rover/Nexys4DDR_Master_lab4.xdc
update_compile_order -fileset sources_1
update_compile_order -fileset sources_1
update_compile_order -fileset sim_1
reset_run synth_1
launch_runs impl_1 -to_step write_bitstream
[Thu Dec  3 19:49:55 2015] Launched synth_1...
Run output will be captured here: /afs/athena.mit.edu/user/p/l/plancher/Desktop/6.111-Final-Project/Rover/Rover.runs/synth_1/runme.log
[Thu Dec  3 19:49:55 2015] Launched impl_1...
Run output will be captured here: /afs/athena.mit.edu/user/p/l/plancher/Desktop/6.111-Final-Project/Rover/Rover.runs/impl_1/runme.log
add_files -norecurse /afs/athena.mit.edu/user/p/l/plancher/Desktop/6.111-Final-Project/Sources/Shared/debounce.v
update_compile_order -fileset sources_1
reset_run synth_1
launch_runs impl_1 -to_step write_bitstream
[Thu Dec  3 19:50:44 2015] Launched synth_1...
Run output will be captured here: /afs/athena.mit.edu/user/p/l/plancher/Desktop/6.111-Final-Project/Rover/Rover.runs/synth_1/runme.log
[Thu Dec  3 19:50:44 2015] Launched impl_1...
Run output will be captured here: /afs/athena.mit.edu/user/p/l/plancher/Desktop/6.111-Final-Project/Rover/Rover.runs/impl_1/runme.log
open_hw
exit
INFO: [Common 17-206] Exiting Vivado at Thu Dec  3 19:53:13 2015...
