iMPACT Version: 10.1.03

iMPACT log file Started on Tue Nov 24 23:04:15 2015

// *** BATCH CMD : loadProjectFile -file"/afs/athena.mit.edu/user/p/l/plancher/Desktop/6.111-Final-Project/Main_FPGA/Main_FPGA.ipf"
Reusing A0010001 key.
Reusing 24010001 key.
 Using libusb.
Connecting to cable (Usb Port - USB21).
Checking cable driver.
File version of/afs/csail.mit.edu/proj/redsocs/Xilinx10.1/ISE/bin/lin64/xusbdfwu.hex = 1030.
File version of /etc/hotplug/usb/xusbdfwu.fw/xusbdfwu.hex = 1030.
 Using libusb.
 Max current requested during enumeration is 74 mA.
Type = 0x0004.
 Cable Type = 3, Revision = 0.
 Setting cable speed to 6 MHz.
Cable connection established.
Firmware version = 1303.
File version of /afs/csail.mit.edu/proj/redsocs/Xilinx10.1/ISE/data/xusb_xlp.hex= 1303.
Firmware hex file version = 1303.
PLD file version = 0012h.
 PLD version = 0012h.
INFO:iMPACT:1777 - 
   Reading   /afs/csail.mit.edu/proj/redsocs/Xilinx10.1/ISE/acecf/data/xccace.bsd...
INFO:iMPACT:501 - '1': Added Device xccace successfully.
----------------------------------------------------------------------
----------------------------------------------------------------------
'2': Loading file'/afs/athena.mit.edu/user/p/l/plancher/Desktop/6.111-Final-Project/Main_FPGA/labkit.bit' ...
done.
INFO:iMPACT:1777 - 
   Reading   /afs/csail.mit.edu/proj/redsocs/Xilinx10.1/ISE/virtex2/data/xc2v6000.bsd...
INFO:iMPACT:2257 - Startup Clock has been changed to 'JtagClk' in the bitstream   stored in memory,
   but the original bitstream file remains unchanged.
INFO:iMPACT:501 - '2': Added Device xc2v6000 successfully.
----------------------------------------------------------------------
----------------------------------------------------------------------
INFO:iMPACT:1777 - 
   Reading   /afs/csail.mit.edu/proj/redsocs/Xilinx10.1/ISE/xcfp/data/xcf32p.bsd...
INFO:iMPACT:501 - '3': Added Device xcf32p successfully.
----------------------------------------------------------------------
----------------------------------------------------------------------
INFO:iMPACT:1835 - Loading CFI file -- File ? --.cfi
CFI file not found, proceed with device default setting.
Active mode is BS
// *** BATCH CMD : setMode -ss
// *** BATCH CMD : setMode -sm
// *** BATCH CMD : setMode -hw140
// *** BATCH CMD : setMode -spi
// *** BATCH CMD : setMode -acecf
// *** BATCH CMD : setMode -acempm
// *** BATCH CMD : setMode -pff
// *** BATCH CMD : setMode -bs
// *** BATCH CMD : setMode -bs
// *** BATCH CMD : setMode -bs
// *** BATCH CMD : setMode -bs
// *** BATCH CMD : Program -p 2 
Maximum TCK operating frequency for this device chain: 15000000.
Validating chain...
Boundary-scan chain validated successfully.
'2': Programming device...
PROGRESS_START - Starting Operation.
 Match_cycle = NoWait.
Match cycle: NoWait
done.
'2': Reading status register contents...
CRC error                                         :         0
Decryptor security set                            :         0
DCM locked                                        :         1
DCI matched                                       :         1
legacy input error                                :         0
status of GTS_CFG_B                               :         1
status of GWE                                     :         1
status of GHIGH                                   :         1
value of MODE pin M0                              :         1
value of MODE pin M1                              :         0
value of MODE pin M2                              :         1
value of CFG_RDY (INIT_B)                         :         1
DONEIN input from DONE pin                        :         1
IDCODE not validated while trying to write FDRI   :         0
write FDRI issued before or after decrypt operation:         0
Decryptor keys not used in proper sequence        :         0
INFO:iMPACT:2219 - Status register values:
INFO:iMPACT - 0011 0111 1011 1000 0000 0000 0000 0000 
INFO:iMPACT:579 - '2': Completed downloading bit file to device.
 Match_cycle = NoWait.
Match cycle: NoWait
INFO:iMPACT - '2': Checking done pin....done.
'2': Programmed successfully.
PROGRESS_END - End Operation.
Elapsed time =      6 sec.
// *** BATCH CMD : Program -p 2 
Maximum TCK operating frequency for this device chain: 15000000.
Validating chain...
Boundary-scan chain validated successfully.
'2': Programming device...
PROGRESS_START - Starting Operation.
 Match_cycle = NoWait.
Match cycle: NoWait
done.
'2': Reading status register contents...
CRC error                                         :         0
Decryptor security set                            :         0
DCM locked                                        :         1
DCI matched                                       :         1
legacy input error                                :         0
status of GTS_CFG_B                               :         1
status of GWE                                     :         1
status of GHIGH                                   :         1
value of MODE pin M0                              :         1
value of MODE pin M1                              :         0
value of MODE pin M2                              :         1
value of CFG_RDY (INIT_B)                         :         1
DONEIN input from DONE pin                        :         1
IDCODE not validated while trying to write FDRI   :         0
write FDRI issued before or after decrypt operation:         0
Decryptor keys not used in proper sequence        :         0
INFO:iMPACT:2219 - Status register values:
INFO:iMPACT - 0011 0111 1011 1000 0000 0000 0000 0000 
INFO:iMPACT:579 - '2': Completed downloading bit file to device.
 Match_cycle = NoWait.
Match cycle: NoWait
INFO:iMPACT - '2': Checking done pin....done.
'2': Programmed successfully.
PROGRESS_END - End Operation.
Elapsed time =      6 sec.
Preference Table
Name                 Setting             
StartupClock         AUTO_CORRECTION     
AutoSignature        FALSE               
KeepSVF              FALSE               
ConcurrentMode       FALSE               
UseHighz             FALSE               
ConfigOnFailure      Stop                
UserLevel            Novice              
MessageLevel         Detailed            
svfUseTime           FALSE               
SpiByteSwap          AUTO_CORRECTION     
// *** BATCH CMD : loadProjectFile -file"/afs/athena.mit.edu/user/p/l/plancher/Desktop/6.111-Final-Project/Main_FPGA/Main_FPGA.ipf"
----------------------------------------------------------------------
----------------------------------------------------------------------
----------------------------------------------------------------------
----------------------------------------------------------------------
Reusing A0010001 key.
Reusing 24010001 key.
 Using libusb.
Connecting to cable (Usb Port - USB21).
Checking cable driver.
File version of/afs/csail.mit.edu/proj/redsocs/Xilinx10.1/ISE/bin/lin64/xusbdfwu.hex = 1030.
File version of /etc/hotplug/usb/xusbdfwu.fw/xusbdfwu.hex = 1030.
 Using libusb.
 Max current requested during enumeration is 74 mA.
Type = 0x0004.
 Cable Type = 3, Revision = 0.
 Setting cable speed to 6 MHz.
Cable connection established.
Firmware version = 1303.
File version of /afs/csail.mit.edu/proj/redsocs/Xilinx10.1/ISE/data/xusb_xlp.hex= 1303.
Firmware hex file version = 1303.
PLD file version = 0012h.
 PLD version = 0012h.
INFO:iMPACT:1777 - 
   Reading   /afs/csail.mit.edu/proj/redsocs/Xilinx10.1/ISE/acecf/data/xccace.bsd...
INFO:iMPACT:501 - '1': Added Device xccace successfully.
----------------------------------------------------------------------
----------------------------------------------------------------------
'2': Loading file'/afs/athena.mit.edu/user/p/l/plancher/Desktop/6.111-Final-Project/Main_FPGA/labkit.bit' ...
done.
INFO:iMPACT:1777 - 
   Reading   /afs/csail.mit.edu/proj/redsocs/Xilinx10.1/ISE/virtex2/data/xc2v6000.bsd...
INFO:iMPACT:2257 - Startup Clock has been changed to 'JtagClk' in the bitstream   stored in memory,
   but the original bitstream file remains unchanged.
INFO:iMPACT:501 - '2': Added Device xc2v6000 successfully.
----------------------------------------------------------------------
----------------------------------------------------------------------
INFO:iMPACT:1777 - 
   Reading   /afs/csail.mit.edu/proj/redsocs/Xilinx10.1/ISE/xcfp/data/xcf32p.bsd...
INFO:iMPACT:501 - '3': Added Device xcf32p successfully.
----------------------------------------------------------------------
----------------------------------------------------------------------
INFO:iMPACT:1835 - Loading CFI file -- File ? --.cfi
CFI file not found, proceed with device default setting.
Active mode is BS
// *** BATCH CMD : setMode -bs
// *** BATCH CMD : setCable -port auto
AutoDetecting cable. Please wait.
Reusing 78010001 key.
Reusing FC010001 key.
Connecting to cable (Parallel Port - parport0).
 Linux release = 3.2.0-94-generic.
WARNING:iMPACT -  Module windrvr6 is not loaded. Please reinstall the cable   drivers. See Answer Record 22648.
Cable connection failed.
Reusing 79010001 key.
Reusing FD010001 key.
Connecting to cable (Parallel Port - parport1).
 Linux release = 3.2.0-94-generic.
WARNING:iMPACT -  Module windrvr6 is not loaded. Please reinstall the cable   drivers. See Answer Record 22648.
Cable connection failed.
Reusing 7A010001 key.
Reusing FE010001 key.
Connecting to cable (Parallel Port - parport2).
 Linux release = 3.2.0-94-generic.
WARNING:iMPACT -  Module windrvr6 is not loaded. Please reinstall the cable   drivers. See Answer Record 22648.
Cable connection failed.
Reusing 7B010001 key.
Reusing FF010001 key.
Connecting to cable (Parallel Port - parport3).
 Linux release = 3.2.0-94-generic.
WARNING:iMPACT -  Module windrvr6 is not loaded. Please reinstall the cable   drivers. See Answer Record 22648.
Cable connection failed.
Reusing A0010001 key.
Reusing 24010001 key.
 Using libusb.
Connecting to cable (Usb Port - USB21).
Checking cable driver.
File version of/afs/csail.mit.edu/proj/redsocs/Xilinx10.1/ISE/bin/lin64/xusbdfwu.hex = 1030.
File version of /etc/hotplug/usb/xusbdfwu.fw/xusbdfwu.hex = 1030.
 Using libusb.
 Max current requested during enumeration is 74 mA.
Type = 0x0004.
 Cable Type = 3, Revision = 0.
 Setting cable speed to 6 MHz.
Cable connection established.
Firmware version = 1303.
File version of /afs/csail.mit.edu/proj/redsocs/Xilinx10.1/ISE/data/xusb_xlp.hex= 1303.
Firmware hex file version = 1303.
PLD file version = 0012h.
 PLD version = 0012h.
// *** BATCH CMD : program -target -p 2 
Maximum TCK operating frequency for this device chain: 15000000.
Validating chain...
Boundary-scan chain validated successfully.
'2': Programming device...
PROGRESS_END - End Operation.
Elapsed time =      0 sec.
PROGRESS_START - Starting Operation.
PROGRESS_START - Starting Operation.
 Match_cycle = NoWait.
Match cycle: NoWait
done.
'2': Reading status register contents...
CRC error                                         :         0
Decryptor security set                            :         0
DCM locked                                        :         1
DCI matched                                       :         1
legacy input error                                :         0
status of GTS_CFG_B                               :         1
status of GWE                                     :         1
status of GHIGH                                   :         1
value of MODE pin M0                              :         1
value of MODE pin M1                              :         0
value of MODE pin M2                              :         1
value of CFG_RDY (INIT_B)                         :         1
DONEIN input from DONE pin                        :         1
IDCODE not validated while trying to write FDRI   :         0
write FDRI issued before or after decrypt operation:         0
Decryptor keys not used in proper sequence        :         0
INFO:iMPACT:2219 - Status register values:
INFO:iMPACT - 0011 0111 1011 1000 0000 0000 0000 0000 
INFO:iMPACT:579 - '2': Completed downloading bit file to device.
 Match_cycle = NoWait.
Match cycle: NoWait
INFO:iMPACT - '2': Checking done pin....done.
'2': Programmed successfully.
Elapsed time =      6 sec.
// *** BATCH CMD : quit
----------------------------------------------------------------------
----------------------------------------------------------------------
----------------------------------------------------------------------
----------------------------------------------------------------------
PROGRESS_END - End Operation.
Elapsed time =      6 sec.
Cable is not connected.
GUI --- Auto connect to cable...
AutoDetecting cable. Please wait.
PROGRESS_START - Starting Operation.
Reusing 78010001 key.
Reusing FC010001 key.
Connecting to cable (Parallel Port - parport0).
 Linux release = 3.2.0-94-generic.
WARNING:iMPACT -  Module windrvr6 is not loaded. Please reinstall the cable   drivers. See Answer Record 22648.
Cable connection failed.
Reusing 79010001 key.
Reusing FD010001 key.
Connecting to cable (Parallel Port - parport1).
 Linux release = 3.2.0-94-generic.
WARNING:iMPACT -  Module windrvr6 is not loaded. Please reinstall the cable   drivers. See Answer Record 22648.
Cable connection failed.
Reusing 7A010001 key.
Reusing FE010001 key.
Connecting to cable (Parallel Port - parport2).
 Linux release = 3.2.0-94-generic.
WARNING:iMPACT -  Module windrvr6 is not loaded. Please reinstall the cable   drivers. See Answer Record 22648.
Cable connection failed.
Reusing 7B010001 key.
Reusing FF010001 key.
Connecting to cable (Parallel Port - parport3).
 Linux release = 3.2.0-94-generic.
WARNING:iMPACT -  Module windrvr6 is not loaded. Please reinstall the cable   drivers. See Answer Record 22648.
Cable connection failed.
Reusing A0010001 key.
Reusing 24010001 key.
 Using libusb.
Connecting to cable (Usb Port - USB21).
Checking cable driver.
File version of/afs/csail.mit.edu/proj/redsocs/Xilinx10.1/ISE/bin/lin64/xusbdfwu.hex = 1030.
File version of /etc/hotplug/usb/xusbdfwu.fw/xusbdfwu.hex = 1030.
 Using libusb.
 Max current requested during enumeration is 74 mA.
Type = 0x0004.
 Cable Type = 3, Revision = 0.
 Setting cable speed to 6 MHz.
Cable connection established.
Firmware version = 1303.
File version of /afs/csail.mit.edu/proj/redsocs/Xilinx10.1/ISE/data/xusb_xlp.hex= 1303.
Firmware hex file version = 1303.
PLD file version = 0012h.
 PLD version = 0012h.
PROGRESS_END - End Operation.
Elapsed time =      1 sec.
