Release 10.1.03 - xst K.39 (lin64)
Copyright (c) 1995-2008 Xilinx, Inc.  All rights reserved.
--> 
Parameter TMPDIR set to /afs/athena.mit.edu/user/p/l/plancher/Desktop/6.111-Final-Project/Main_FPGA/xst/projnav.tmp


Total REAL time to Xst completion: 0.00 secs
Total CPU time to Xst completion: 0.05 secs
 
--> 
Parameter xsthdpdir set to /afs/athena.mit.edu/user/p/l/plancher/Desktop/6.111-Final-Project/Main_FPGA/xst


Total REAL time to Xst completion: 0.00 secs
Total CPU time to Xst completion: 0.05 secs
 
--> 
Reading design: labkit.prj

TABLE OF CONTENTS
  1) Synthesis Options Summary
  2) HDL Compilation
  3) Design Hierarchy Analysis
  4) HDL Analysis
  5) HDL Synthesis
     5.1) HDL Synthesis Report
  6) Advanced HDL Synthesis
     6.1) Advanced HDL Synthesis Report
  7) Low Level Synthesis
  8) Partition Report
  9) Final Report
     9.1) Device utilization summary
     9.2) Partition Resource Summary
     9.3) TIMING REPORT


=========================================================================
*                      Synthesis Options Summary                        *
=========================================================================
---- Source Parameters
Input File Name                    : "labkit.prj"
Input Format                       : mixed
Ignore Synthesis Constraint File   : NO

---- Target Parameters
Output File Name                   : "labkit"
Output Format                      : NGC
Target Device                      : xc2v6000-4-bf957

---- Source Options
Top Module Name                    : labkit
Automatic FSM Extraction           : YES
FSM Encoding Algorithm             : Auto
Safe Implementation                : No
FSM Style                          : lut
RAM Extraction                     : Yes
RAM Style                          : Auto
ROM Extraction                     : Yes
Mux Style                          : Auto
Decoder Extraction                 : YES
Priority Encoder Extraction        : YES
Shift Register Extraction          : YES
Logical Shifter Extraction         : YES
XOR Collapsing                     : YES
ROM Style                          : Auto
Mux Extraction                     : YES
Resource Sharing                   : YES
Asynchronous To Synchronous        : NO
Multiplier Style                   : auto
Automatic Register Balancing       : No

---- Target Options
Add IO Buffers                     : YES
Global Maximum Fanout              : 500
Add Generic Clock Buffer(BUFG)     : 16
Register Duplication               : YES
Slice Packing                      : YES
Optimize Instantiated Primitives   : NO
Convert Tristates To Logic         : Yes
Use Clock Enable                   : Yes
Use Synchronous Set                : Yes
Use Synchronous Reset              : Yes
Pack IO Registers into IOBs        : auto
Equivalent register Removal        : YES

---- General Options
Optimization Goal                  : Speed
Optimization Effort                : 1
Library Search Order               : labkit.lso
Keep Hierarchy                     : NO
Netlist Hierarchy                  : as_optimized
RTL Output                         : Yes
Global Optimization                : AllClockNets
Read Cores                         : YES
Write Timing Constraints           : NO
Cross Clock Analysis               : NO
Hierarchy Separator                : /
Bus Delimiter                      : <>
Case Specifier                     : maintain
Slice Utilization Ratio            : 100
BRAM Utilization Ratio             : 100
Verilog 2001                       : YES
Auto BRAM Packing                  : NO
Slice Utilization Ratio Delta      : 5

=========================================================================


=========================================================================
*                          HDL Compilation                              *
=========================================================================
Compiling verilog file "../Sources/Shared/divider_600us.v" in library work
Compiling verilog file "../Sources/Shared/timer.v" in library work
Module <divider_600us> compiled
Compiling verilog file "../Sources/Shared/edge_detect.v" in library work
Module <timer> compiled
Compiling verilog file "../Sources/Shared/debounce.v" in library work
Module <edge_detect> compiled
Compiling verilog file "../Sources/Main FPGA/xvga.v" in library work
Module <debounce> compiled
Compiling verilog file "../Sources/Main FPGA/ir_transmitter.v" in library work
Module <xvga> compiled
Compiling verilog file "../Sources/Main FPGA/display_8hex_labkit.v" in library work
Module <ir_transmitter> compiled
Compiling verilog file "../Sources/Main FPGA/labkit_mainFPGA.v" in library work
Module <display_16hex_labkit> compiled
WARNING:HDLCompilers:301 - "../Sources/Main FPGA/labkit_mainFPGA.v" line 518 Too many digits specified in hex constant
Module <labkit> compiled
No errors in compilation
Analysis of file <"labkit.prj"> succeeded.
 

=========================================================================
*                     Design Hierarchy Analysis                         *
=========================================================================
Analyzing hierarchy for module <labkit> in library <work>.

Analyzing hierarchy for module <debounce> in library <work> with parameters.
	DELAY = "00000000000001000001111010110000"

Analyzing hierarchy for module <xvga> in library <work>.

Analyzing hierarchy for module <edge_detect> in library <work>.

Analyzing hierarchy for module <ir_transmitter> in library <work> with parameters.
	BIT = "100"
	COUNT_GOAL = "00000000000000000000011111101000"
	IDLE = "000"
	START = "010"
	TRANS = "011"
	WAIT = "001"

Analyzing hierarchy for module <display_16hex_labkit> in library <work>.

Analyzing hierarchy for module <timer> in library <work> with parameters.
	COUNT_GOAL = "00000000000000000000011111101000"

Analyzing hierarchy for module <divider_600us> in library <work> with parameters.
	COUNT_GOAL = "00000000000000000000011111101000"

WARNING:Xst:2591 - "../Sources/Main FPGA/labkit_mainFPGA.v" line 382: attribute on instance <CLKFX_DIVIDE> overrides generic/parameter on entity. It is possible that simulator will not take this attribute into account.
WARNING:Xst:2591 - "../Sources/Main FPGA/labkit_mainFPGA.v" line 382: attribute on instance <CLKFX_MULTIPLY> overrides generic/parameter on entity. It is possible that simulator will not take this attribute into account.
WARNING:Xst:2591 - "../Sources/Main FPGA/labkit_mainFPGA.v" line 382: attribute on instance <CLKIN_PERIOD> overrides generic/parameter on entity. It is possible that simulator will not take this attribute into account.
WARNING:Xst:2591 - "../Sources/Main FPGA/labkit_mainFPGA.v" line 382: attribute on instance <CLK_FEEDBACK> overrides generic/parameter on entity. It is possible that simulator will not take this attribute into account.

=========================================================================
*                            HDL Analysis                               *
=========================================================================
Analyzing top module <labkit>.
Module <labkit> is correct for synthesis.
 
    Set user-defined property "INIT =  FFFF" for instance <reset_sr> in unit <labkit>.
    Set user-defined property "CLKDV_DIVIDE =  2.0000000000000000" for instance <vclk1> in unit <labkit>.
    Set user-defined property "CLKFX_DIVIDE =  10" for instance <vclk1> in unit <labkit>.
    Set user-defined property "CLKFX_MULTIPLY =  24" for instance <vclk1> in unit <labkit>.
    Set user-defined property "CLKIN_DIVIDE_BY_2 =  FALSE" for instance <vclk1> in unit <labkit>.
    Set user-defined property "CLKIN_PERIOD =  37.0000000000000000" for instance <vclk1> in unit <labkit>.
    Set user-defined property "CLKOUT_PHASE_SHIFT =  NONE" for instance <vclk1> in unit <labkit>.
    Set user-defined property "CLK_FEEDBACK =  NONE" for instance <vclk1> in unit <labkit>.
    Set user-defined property "DESKEW_ADJUST =  SYSTEM_SYNCHRONOUS" for instance <vclk1> in unit <labkit>.
    Set user-defined property "DFS_FREQUENCY_MODE =  LOW" for instance <vclk1> in unit <labkit>.
    Set user-defined property "DLL_FREQUENCY_MODE =  LOW" for instance <vclk1> in unit <labkit>.
    Set user-defined property "DSS_MODE =  NONE" for instance <vclk1> in unit <labkit>.
    Set user-defined property "DUTY_CYCLE_CORRECTION =  TRUE" for instance <vclk1> in unit <labkit>.
    Set user-defined property "FACTORY_JF =  C080" for instance <vclk1> in unit <labkit>.
    Set user-defined property "PHASE_SHIFT =  0" for instance <vclk1> in unit <labkit>.
    Set user-defined property "SIM_MODE =  SAFE" for instance <vclk1> in unit <labkit>.
    Set user-defined property "STARTUP_WAIT =  FALSE" for instance <vclk1> in unit <labkit>.
Analyzing module <debounce> in library <work>.
	DELAY = 32'sb00000000000001000001111010110000
Module <debounce> is correct for synthesis.
 
Analyzing module <xvga> in library <work>.
Module <xvga> is correct for synthesis.
 
Analyzing module <edge_detect> in library <work>.
Module <edge_detect> is correct for synthesis.
 
Analyzing module <ir_transmitter> in library <work>.
	BIT = 3'b100
	COUNT_GOAL = 32'sb00000000000000000000011111101000
	IDLE = 3'b000
	START = 3'b010
	TRANS = 3'b011
	WAIT = 3'b001
Module <ir_transmitter> is correct for synthesis.
 
Analyzing module <timer> in library <work>.
	COUNT_GOAL = 32'sb00000000000000000000011111101000
Module <timer> is correct for synthesis.
 
Analyzing module <divider_600us> in library <work>.
	COUNT_GOAL = 32'sb00000000000000000000011111101000
Module <divider_600us> is correct for synthesis.
 
Analyzing module <display_16hex_labkit> in library <work>.
INFO:Xst:1433 - Contents of array <dots> may be accessed with an index that exceeds the array size. This could cause simulation mismatch.
Module <display_16hex_labkit> is correct for synthesis.
 

=========================================================================
*                           HDL Synthesis                               *
=========================================================================

Performing bidirectional port resolution...
INFO:Xst:2561 - Always blocking tristate driving signal <flash_data> in unit <labkit> is removed.
INFO:Xst:2561 - Always blocking tristate driving signal <ram0_data> in unit <labkit> is removed.
INFO:Xst:2561 - Always blocking tristate driving signal <user1> in unit <labkit> is removed.
INFO:Xst:2561 - Always blocking tristate driving signal <user2> in unit <labkit> is removed.
INFO:Xst:2561 - Always blocking tristate driving signal <user4> in unit <labkit> is removed.
INFO:Xst:2561 - Always blocking tristate driving signal <ram1_data> in unit <labkit> is removed.
INFO:Xst:2561 - Always blocking tristate driving signal <daughtercard> in unit <labkit> is removed.
INFO:Xst:2561 - Always blocking tristate driving signal <systemace_data> in unit <labkit> is removed.
INFO:Xst:2561 - Always blocking tristate driving signal <tv_in_i2c_data> in unit <labkit> is removed.

Synthesizing Unit <debounce>.
    Related source file is "../Sources/Shared/debounce.v".
    Found 1-bit register for signal <clean>.
    Found 19-bit up counter for signal <count>.
    Found 1-bit xor2 for signal <count$xor0000> created at line 19.
    Found 1-bit register for signal <new>.
    Summary:
	inferred   1 Counter(s).
	inferred   2 D-type flip-flop(s).
Unit <debounce> synthesized.


Synthesizing Unit <xvga>.
    Related source file is "../Sources/Main FPGA/xvga.v".
    Found 10-bit up counter for signal <vcount>.
    Found 1-bit register for signal <vsync>.
    Found 11-bit up counter for signal <hcount>.
    Found 1-bit register for signal <blank>.
    Found 1-bit register for signal <hsync>.
    Found 1-bit register for signal <hblank>.
    Found 1-bit register for signal <vblank>.
    Summary:
	inferred   2 Counter(s).
	inferred   5 D-type flip-flop(s).
Unit <xvga> synthesized.


Synthesizing Unit <edge_detect>.
    Related source file is "../Sources/Shared/edge_detect.v".
    Found 1-bit register for signal <out>.
    Found 1-bit register for signal <prev_in>.
    Summary:
	inferred   2 D-type flip-flop(s).
Unit <edge_detect> synthesized.


Synthesizing Unit <display_16hex_labkit>.
    Related source file is "../Sources/Main FPGA/display_8hex_labkit.v".
    Found finite state machine <FSM_0> for signal <state>.
    -----------------------------------------------------------------------
    | States             | 7                                              |
    | Transitions        | 11                                             |
    | Inputs             | 3                                              |
    | Outputs            | 7                                              |
    | Clock              | clock (rising_edge)                            |
    | Reset              | dreset (positive)                              |
    | Reset type         | synchronous                                    |
    | Reset State        | 00000000                                       |
    | Encoding           | automatic                                      |
    | Implementation     | LUT                                            |
    -----------------------------------------------------------------------
    Found 16x40-bit ROM for signal <dots>.
    Found 1-bit register for signal <disp_ce_b>.
    Found 1-bit register for signal <disp_data_out>.
    Found 1-bit register for signal <disp_rs>.
    Found 1-bit register for signal <disp_reset_b>.
    Found 1-bit 40-to-1 multiplexer for signal <$varindex0000> created at line 160.
    Found 4-bit register for signal <char_index>.
    Found 4-bit subtractor for signal <char_index$addsub0000> created at line 166.
    Found 1-bit register for signal <clock>.
    Found 32-bit register for signal <control>.
    Found 5-bit up counter for signal <count>.
    Found 10-bit register for signal <dot_index>.
    Found 10-bit addsub for signal <dot_index$share0000> created at line 95.
    Found 4-bit 16-to-1 multiplexer for signal <nibble>.
    Found 8-bit down counter for signal <reset_count>.
    Summary:
	inferred   1 Finite State Machine(s).
	inferred   1 ROM(s).
	inferred   2 Counter(s).
	inferred  51 D-type flip-flop(s).
	inferred   2 Adder/Subtractor(s).
	inferred   5 Multiplexer(s).
Unit <display_16hex_labkit> synthesized.


Synthesizing Unit <divider_600us>.
    Related source file is "../Sources/Shared/divider_600us.v".
    Found 11-bit up counter for signal <count>.
    Summary:
	inferred   1 Counter(s).
Unit <divider_600us> synthesized.


Synthesizing Unit <timer>.
    Related source file is "../Sources/Shared/timer.v".
    Found 10-bit up counter for signal <count>.
    Found 10-bit register for signal <count_length>.
    Found 1-bit register for signal <counting>.
    Found 10-bit comparator equal for signal <expired$cmp_eq0000> created at line 39.
    Summary:
	inferred   1 Counter(s).
	inferred  11 D-type flip-flop(s).
	inferred   1 Comparator(s).
Unit <timer> synthesized.


Synthesizing Unit <ir_transmitter>.
    Related source file is "../Sources/Main FPGA/ir_transmitter.v".
    Found finite state machine <FSM_1> for signal <state>.
    -----------------------------------------------------------------------
    | States             | 5                                              |
    | Transitions        | 12                                             |
    | Inputs             | 3                                              |
    | Outputs            | 12                                             |
    | Clock              | clk (rising_edge)                              |
    | Reset              | reset (positive)                               |
    | Reset type         | synchronous                                    |
    | Reset State        | 000                                            |
    | Encoding           | automatic                                      |
    | Implementation     | LUT                                            |
    -----------------------------------------------------------------------
    Found 4-bit register for signal <cur_bit>.
    Found 4-bit adder for signal <cur_bit$addsub0000> created at line 84.
    Found 12-bit register for signal <cur_value>.
    Found 11-bit up counter for signal <mod_count>.
    Found 11-bit comparator less for signal <signal_out$cmp_lt0000> created at line 108.
    Found 5-bit comparator not equal for signal <start_timer>.
    Summary:
	inferred   1 Finite State Machine(s).
	inferred   1 Counter(s).
	inferred  16 D-type flip-flop(s).
	inferred   1 Adder/Subtractor(s).
	inferred   2 Comparator(s).
Unit <ir_transmitter> synthesized.


Synthesizing Unit <labkit>.
    Related source file is "../Sources/Main FPGA/labkit_mainFPGA.v".
WARNING:Xst:647 - Input <button0> is never used. This port will be preserved and left unconnected if it belongs to a top-level block or it belongs to a sub-block and the hierarchy of this sub-block is preserved.
WARNING:Xst:647 - Input <button1> is never used. This port will be preserved and left unconnected if it belongs to a top-level block or it belongs to a sub-block and the hierarchy of this sub-block is preserved.
WARNING:Xst:2565 - Inout <daughtercard<10>> is never assigned.
WARNING:Xst:2565 - Inout <flash_data<10>> is never assigned.
WARNING:Xst:2565 - Inout <daughtercard<11>> is never assigned.
WARNING:Xst:2565 - Inout <flash_data<11>> is never assigned.
WARNING:Xst:647 - Input <clock1> is never used. This port will be preserved and left unconnected if it belongs to a top-level block or it belongs to a sub-block and the hierarchy of this sub-block is preserved.
WARNING:Xst:647 - Input <clock2> is never used. This port will be preserved and left unconnected if it belongs to a top-level block or it belongs to a sub-block and the hierarchy of this sub-block is preserved.
WARNING:Xst:2565 - Inout <daughtercard<12>> is never assigned.
WARNING:Xst:2565 - Inout <flash_data<12>> is never assigned.
WARNING:Xst:2565 - Inout <daughtercard<13>> is never assigned.
WARNING:Xst:2565 - Inout <flash_data<13>> is never assigned.
WARNING:Xst:647 - Input <tv_in_aef> is never used. This port will be preserved and left unconnected if it belongs to a top-level block or it belongs to a sub-block and the hierarchy of this sub-block is preserved.
WARNING:Xst:2565 - Inout <daughtercard<14>> is never assigned.
WARNING:Xst:2565 - Inout <flash_data<14>> is never assigned.
WARNING:Xst:647 - Input <tv_in_aff> is never used. This port will be preserved and left unconnected if it belongs to a top-level block or it belongs to a sub-block and the hierarchy of this sub-block is preserved.
WARNING:Xst:2565 - Inout <daughtercard<15>> is never assigned.
WARNING:Xst:2565 - Inout <daughtercard<20>> is never assigned.
WARNING:Xst:2565 - Inout <flash_data<15>> is never assigned.
WARNING:Xst:2565 - Inout <daughtercard<21>> is never assigned.
WARNING:Xst:2565 - Inout <daughtercard<16>> is never assigned.
WARNING:Xst:2565 - Inout <daughtercard<22>> is never assigned.
WARNING:Xst:2565 - Inout <daughtercard<17>> is never assigned.
WARNING:Xst:647 - Input <systemace_irq> is never used. This port will be preserved and left unconnected if it belongs to a top-level block or it belongs to a sub-block and the hierarchy of this sub-block is preserved.
WARNING:Xst:2565 - Inout <daughtercard<18>> is never assigned.
WARNING:Xst:2565 - Inout <daughtercard<23>> is never assigned.
WARNING:Xst:2565 - Inout <flash_data<0>> is never assigned.
WARNING:Xst:647 - Input <clock_feedback_in> is never used. This port will be preserved and left unconnected if it belongs to a top-level block or it belongs to a sub-block and the hierarchy of this sub-block is preserved.
WARNING:Xst:2565 - Inout <daughtercard<19>> is never assigned.
WARNING:Xst:2565 - Inout <daughtercard<24>> is never assigned.
WARNING:Xst:2565 - Inout <flash_data<1>> is never assigned.
WARNING:Xst:647 - Input <disp_data_in> is never used. This port will be preserved and left unconnected if it belongs to a top-level block or it belongs to a sub-block and the hierarchy of this sub-block is preserved.
WARNING:Xst:2565 - Inout <user2<10>> is never assigned.
WARNING:Xst:2565 - Inout <daughtercard<25>> is never assigned.
WARNING:Xst:2565 - Inout <daughtercard<30>> is never assigned.
WARNING:Xst:2565 - Inout <flash_data<2>> is never assigned.
WARNING:Xst:2565 - Inout <user2<11>> is never assigned.
WARNING:Xst:2565 - Inout <daughtercard<31>> is never assigned.
WARNING:Xst:2565 - Inout <daughtercard<26>> is never assigned.
WARNING:Xst:2565 - Inout <flash_data<3>> is never assigned.
WARNING:Xst:2565 - Inout <user2<12>> is never assigned.
WARNING:Xst:2565 - Inout <daughtercard<32>> is never assigned.
WARNING:Xst:2565 - Inout <daughtercard<27>> is never assigned.
WARNING:Xst:2565 - Inout <flash_data<4>> is never assigned.
WARNING:Xst:2565 - Inout <user2<13>> is never assigned.
WARNING:Xst:2565 - Inout <daughtercard<33>> is never assigned.
WARNING:Xst:2565 - Inout <daughtercard<28>> is never assigned.
WARNING:Xst:2565 - Inout <flash_data<5>> is never assigned.
WARNING:Xst:2565 - Inout <user4<0>> is never assigned.
WARNING:Xst:2565 - Inout <user2<14>> is never assigned.
WARNING:Xst:2565 - Inout <daughtercard<34>> is never assigned.
WARNING:Xst:2565 - Inout <daughtercard<29>> is never assigned.
WARNING:Xst:2565 - Inout <flash_data<6>> is never assigned.
WARNING:Xst:2565 - Inout <user4<1>> is never assigned.
WARNING:Xst:2565 - Inout <user2<15>> is never assigned.
WARNING:Xst:2565 - Inout <user2<20>> is never assigned.
WARNING:Xst:2565 - Inout <daughtercard<40>> is never assigned.
WARNING:Xst:2565 - Inout <daughtercard<35>> is never assigned.
WARNING:Xst:2565 - Inout <flash_data<7>> is never assigned.
WARNING:Xst:2565 - Inout <user4<2>> is never assigned.
WARNING:Xst:2565 - Inout <user2<21>> is never assigned.
WARNING:Xst:2565 - Inout <user2<16>> is never assigned.
WARNING:Xst:2565 - Inout <daughtercard<41>> is never assigned.
WARNING:Xst:2565 - Inout <daughtercard<36>> is never assigned.
WARNING:Xst:2565 - Inout <flash_data<8>> is never assigned.
WARNING:Xst:2565 - Inout <user1<0>> is never assigned.
WARNING:Xst:2565 - Inout <user4<3>> is never assigned.
WARNING:Xst:2565 - Inout <user2<17>> is never assigned.
WARNING:Xst:2565 - Inout <user2<22>> is never assigned.
WARNING:Xst:2565 - Inout <daughtercard<37>> is never assigned.
WARNING:Xst:2565 - Inout <daughtercard<42>> is never assigned.
WARNING:Xst:2565 - Inout <flash_data<9>> is never assigned.
WARNING:Xst:2565 - Inout <user1<1>> is never assigned.
WARNING:Xst:2565 - Inout <user4<4>> is never assigned.
WARNING:Xst:2565 - Inout <user2<23>> is never assigned.
WARNING:Xst:2565 - Inout <user2<18>> is never assigned.
WARNING:Xst:647 - Input <keyboard_clock> is never used. This port will be preserved and left unconnected if it belongs to a top-level block or it belongs to a sub-block and the hierarchy of this sub-block is preserved.
WARNING:Xst:2565 - Inout <daughtercard<38>> is never assigned.
WARNING:Xst:2565 - Inout <daughtercard<43>> is never assigned.
WARNING:Xst:2565 - Inout <user1<2>> is never assigned.
WARNING:Xst:2565 - Inout <user4<5>> is never assigned.
WARNING:Xst:2565 - Inout <user2<24>> is never assigned.
WARNING:Xst:2565 - Inout <user2<19>> is never assigned.
WARNING:Xst:2565 - Inout <daughtercard<39>> is never assigned.
WARNING:Xst:2565 - Inout <user1<3>> is never assigned.
WARNING:Xst:2565 - Inout <tv_in_i2c_data> is never assigned.
WARNING:Xst:2565 - Inout <user4<6>> is never assigned.
WARNING:Xst:2565 - Inout <user2<30>> is never assigned.
WARNING:Xst:2565 - Inout <user2<25>> is never assigned.
WARNING:Xst:2565 - Inout <user1<4>> is never assigned.
WARNING:Xst:2565 - Inout <user4<7>> is never assigned.
WARNING:Xst:2565 - Inout <user2<26>> is never assigned.
WARNING:Xst:2565 - Inout <user2<31>> is never assigned.
WARNING:Xst:2565 - Inout <user1<5>> is never assigned.
WARNING:Xst:647 - Input <flash_sts> is never used. This port will be preserved and left unconnected if it belongs to a top-level block or it belongs to a sub-block and the hierarchy of this sub-block is preserved.
WARNING:Xst:2565 - Inout <user4<8>> is never assigned.
WARNING:Xst:647 - Input <rs232_rxd> is never used. This port will be preserved and left unconnected if it belongs to a top-level block or it belongs to a sub-block and the hierarchy of this sub-block is preserved.
WARNING:Xst:2565 - Inout <user2<27>> is never assigned.
WARNING:Xst:2565 - Inout <user1<6>> is never assigned.
WARNING:Xst:2565 - Inout <user4<9>> is never assigned.
WARNING:Xst:2565 - Inout <user2<28>> is never assigned.
WARNING:Xst:647 - Input <mouse_data> is never used. This port will be preserved and left unconnected if it belongs to a top-level block or it belongs to a sub-block and the hierarchy of this sub-block is preserved.
WARNING:Xst:2565 - Inout <user1<7>> is never assigned.
WARNING:Xst:647 - Input <rs232_cts> is never used. This port will be preserved and left unconnected if it belongs to a top-level block or it belongs to a sub-block and the hierarchy of this sub-block is preserved.
WARNING:Xst:2565 - Inout <user2<29>> is never assigned.
WARNING:Xst:2565 - Inout <user1<8>> is never assigned.
WARNING:Xst:2565 - Inout <user1<9>> is never assigned.
WARNING:Xst:2565 - Inout <daughtercard<0>> is never assigned.
WARNING:Xst:2565 - Inout <user4<10>> is never assigned.
WARNING:Xst:2565 - Inout <daughtercard<1>> is never assigned.
WARNING:Xst:647 - Input <switch<7:4>> is never used. This port will be preserved and left unconnected if it belongs to a top-level block or it belongs to a sub-block and the hierarchy of this sub-block is preserved.
WARNING:Xst:2565 - Inout <user4<11>> is never assigned.
WARNING:Xst:2565 - Inout <daughtercard<2>> is never assigned.
WARNING:Xst:2565 - Inout <user4<12>> is never assigned.
WARNING:Xst:2565 - Inout <daughtercard<3>> is never assigned.
WARNING:Xst:2565 - Inout <user4<13>> is never assigned.
WARNING:Xst:2565 - Inout <daughtercard<4>> is never assigned.
WARNING:Xst:2565 - Inout <user4<14>> is never assigned.
WARNING:Xst:2565 - Inout <daughtercard<5>> is never assigned.
WARNING:Xst:2565 - Inout <user4<20>> is never assigned.
WARNING:Xst:2565 - Inout <user4<15>> is never assigned.
WARNING:Xst:2565 - Inout <daughtercard<6>> is never assigned.
WARNING:Xst:2565 - Inout <ram0_data<0>> is never assigned.
WARNING:Xst:2565 - Inout <user4<16>> is never assigned.
WARNING:Xst:2565 - Inout <user4<21>> is never assigned.
WARNING:Xst:2565 - Inout <ram1_data<10>> is never assigned.
WARNING:Xst:2565 - Inout <daughtercard<7>> is never assigned.
WARNING:Xst:2565 - Inout <ram0_data<1>> is never assigned.
WARNING:Xst:2565 - Inout <user4<22>> is never assigned.
WARNING:Xst:2565 - Inout <user4<17>> is never assigned.
WARNING:Xst:2565 - Inout <ram1_data<11>> is never assigned.
WARNING:Xst:2565 - Inout <daughtercard<8>> is never assigned.
WARNING:Xst:2565 - Inout <ram0_data<2>> is never assigned.
WARNING:Xst:2565 - Inout <user4<23>> is never assigned.
WARNING:Xst:2565 - Inout <user4<18>> is never assigned.
WARNING:Xst:647 - Input <button_left> is never used. This port will be preserved and left unconnected if it belongs to a top-level block or it belongs to a sub-block and the hierarchy of this sub-block is preserved.
WARNING:Xst:2565 - Inout <ram1_data<12>> is never assigned.
WARNING:Xst:2565 - Inout <daughtercard<9>> is never assigned.
WARNING:Xst:2565 - Inout <ram0_data<3>> is never assigned.
WARNING:Xst:2565 - Inout <user4<19>> is never assigned.
WARNING:Xst:2565 - Inout <user4<24>> is never assigned.
WARNING:Xst:2565 - Inout <ram1_data<13>> is never assigned.
WARNING:Xst:2565 - Inout <systemace_data<0>> is never assigned.
WARNING:Xst:2565 - Inout <ram0_data<4>> is never assigned.
WARNING:Xst:2565 - Inout <user4<30>> is never assigned.
WARNING:Xst:2565 - Inout <user4<25>> is never assigned.
WARNING:Xst:2565 - Inout <ram1_data<14>> is never assigned.
WARNING:Xst:2565 - Inout <systemace_data<1>> is never assigned.
WARNING:Xst:2565 - Inout <ram0_data<5>> is never assigned.
WARNING:Xst:2565 - Inout <user4<26>> is never assigned.
WARNING:Xst:2565 - Inout <user4<31>> is never assigned.
WARNING:Xst:2565 - Inout <ram1_data<20>> is never assigned.
WARNING:Xst:2565 - Inout <systemace_data<2>> is never assigned.
WARNING:Xst:2565 - Inout <ram1_data<15>> is never assigned.
WARNING:Xst:2565 - Inout <ram0_data<6>> is never assigned.
WARNING:Xst:2565 - Inout <user4<27>> is never assigned.
WARNING:Xst:2565 - Inout <systemace_data<3>> is never assigned.
WARNING:Xst:2565 - Inout <ram1_data<16>> is never assigned.
WARNING:Xst:2565 - Inout <ram1_data<21>> is never assigned.
WARNING:Xst:2565 - Inout <ram0_data<7>> is never assigned.
WARNING:Xst:647 - Input <tv_in_data_valid> is never used. This port will be preserved and left unconnected if it belongs to a top-level block or it belongs to a sub-block and the hierarchy of this sub-block is preserved.
WARNING:Xst:2565 - Inout <user4<28>> is never assigned.
WARNING:Xst:2565 - Inout <ram1_data<22>> is never assigned.
WARNING:Xst:2565 - Inout <systemace_data<4>> is never assigned.
WARNING:Xst:2565 - Inout <ram1_data<17>> is never assigned.
WARNING:Xst:647 - Input <tv_in_hff> is never used. This port will be preserved and left unconnected if it belongs to a top-level block or it belongs to a sub-block and the hierarchy of this sub-block is preserved.
WARNING:Xst:2565 - Inout <ram0_data<8>> is never assigned.
WARNING:Xst:2565 - Inout <user1<10>> is never assigned.
WARNING:Xst:2565 - Inout <user4<29>> is never assigned.
WARNING:Xst:2565 - Inout <ram1_data<23>> is never assigned.
WARNING:Xst:2565 - Inout <systemace_data<5>> is never assigned.
WARNING:Xst:2565 - Inout <ram1_data<18>> is never assigned.
WARNING:Xst:2565 - Inout <ram0_data<9>> is never assigned.
WARNING:Xst:2565 - Inout <user2<0>> is never assigned.
WARNING:Xst:2565 - Inout <user1<11>> is never assigned.
WARNING:Xst:647 - Input <tv_in_ycrcb> is never used. This port will be preserved and left unconnected if it belongs to a top-level block or it belongs to a sub-block and the hierarchy of this sub-block is preserved.
WARNING:Xst:2565 - Inout <ram0_data<10>> is never assigned.
WARNING:Xst:2565 - Inout <ram1_data<24>> is never assigned.
WARNING:Xst:2565 - Inout <systemace_data<6>> is never assigned.
WARNING:Xst:2565 - Inout <ram1_data<19>> is never assigned.
WARNING:Xst:2565 - Inout <user2<1>> is never assigned.
WARNING:Xst:2565 - Inout <user1<12>> is never assigned.
WARNING:Xst:2565 - Inout <ram0_data<11>> is never assigned.
WARNING:Xst:2565 - Inout <systemace_data<7>> is never assigned.
WARNING:Xst:2565 - Inout <ram1_data<25>> is never assigned.
WARNING:Xst:2565 - Inout <ram1_data<30>> is never assigned.
WARNING:Xst:2565 - Inout <user1<13>> is never assigned.
WARNING:Xst:2565 - Inout <user2<2>> is never assigned.
WARNING:Xst:2565 - Inout <ram0_data<12>> is never assigned.
WARNING:Xst:2565 - Inout <ram1_data<31>> is never assigned.
WARNING:Xst:2565 - Inout <systemace_data<8>> is never assigned.
WARNING:Xst:2565 - Inout <ram1_data<26>> is never assigned.
WARNING:Xst:2565 - Inout <user2<3>> is never assigned.
WARNING:Xst:2565 - Inout <user1<14>> is never assigned.
WARNING:Xst:2565 - Inout <ram0_data<13>> is never assigned.
WARNING:Xst:2565 - Inout <ram1_data<32>> is never assigned.
WARNING:Xst:2565 - Inout <systemace_data<9>> is never assigned.
WARNING:Xst:2565 - Inout <ram1_data<27>> is never assigned.
WARNING:Xst:2565 - Inout <user2<4>> is never assigned.
WARNING:Xst:2565 - Inout <user1<15>> is never assigned.
WARNING:Xst:2565 - Inout <user1<20>> is never assigned.
WARNING:Xst:2565 - Inout <ram0_data<14>> is never assigned.
WARNING:Xst:647 - Input <tv_in_line_clock1> is never used. This port will be preserved and left unconnected if it belongs to a top-level block or it belongs to a sub-block and the hierarchy of this sub-block is preserved.
WARNING:Xst:2565 - Inout <ram1_data<28>> is never assigned.
WARNING:Xst:2565 - Inout <ram1_data<33>> is never assigned.
WARNING:Xst:647 - Input <tv_in_line_clock2> is never used. This port will be preserved and left unconnected if it belongs to a top-level block or it belongs to a sub-block and the hierarchy of this sub-block is preserved.
WARNING:Xst:2565 - Inout <ram1_data<0>> is never assigned.
WARNING:Xst:2565 - Inout <user1<16>> is never assigned.
WARNING:Xst:2565 - Inout <user2<5>> is never assigned.
WARNING:Xst:2565 - Inout <user1<21>> is never assigned.
WARNING:Xst:2565 - Inout <ram0_data<20>> is never assigned.
WARNING:Xst:2565 - Inout <ram0_data<15>> is never assigned.
WARNING:Xst:2565 - Inout <ram1_data<29>> is never assigned.
WARNING:Xst:2565 - Inout <ram1_data<34>> is never assigned.
WARNING:Xst:647 - Input <keyboard_data> is never used. This port will be preserved and left unconnected if it belongs to a top-level block or it belongs to a sub-block and the hierarchy of this sub-block is preserved.
WARNING:Xst:2565 - Inout <ram1_data<1>> is never assigned.
WARNING:Xst:2565 - Inout <user1<17>> is never assigned.
WARNING:Xst:2565 - Inout <user2<6>> is never assigned.
WARNING:Xst:2565 - Inout <user1<22>> is never assigned.
WARNING:Xst:2565 - Inout <ram0_data<21>> is never assigned.
WARNING:Xst:2565 - Inout <ram0_data<16>> is never assigned.
WARNING:Xst:2565 - Inout <ram1_data<35>> is never assigned.
WARNING:Xst:2565 - Inout <ram1_data<2>> is never assigned.
WARNING:Xst:2565 - Inout <user1<18>> is never assigned.
WARNING:Xst:2565 - Inout <user2<7>> is never assigned.
WARNING:Xst:2565 - Inout <user1<23>> is never assigned.
WARNING:Xst:2565 - Inout <ram0_data<22>> is never assigned.
WARNING:Xst:2565 - Inout <ram0_data<17>> is never assigned.
WARNING:Xst:2565 - Inout <ram1_data<3>> is never assigned.
WARNING:Xst:2565 - Inout <systemace_data<10>> is never assigned.
WARNING:Xst:2565 - Inout <user1<24>> is never assigned.
WARNING:Xst:2565 - Inout <user2<8>> is never assigned.
WARNING:Xst:2565 - Inout <user1<19>> is never assigned.
WARNING:Xst:2565 - Inout <ram0_data<23>> is never assigned.
WARNING:Xst:2565 - Inout <ram0_data<18>> is never assigned.
WARNING:Xst:647 - Input <ac97_sdata_in> is never used. This port will be preserved and left unconnected if it belongs to a top-level block or it belongs to a sub-block and the hierarchy of this sub-block is preserved.
WARNING:Xst:2565 - Inout <ram1_data<4>> is never assigned.
WARNING:Xst:2565 - Inout <systemace_data<11>> is never assigned.
WARNING:Xst:2565 - Inout <user1<25>> is never assigned.
WARNING:Xst:2565 - Inout <user2<9>> is never assigned.
WARNING:Xst:2565 - Inout <user1<30>> is never assigned.
WARNING:Xst:2565 - Inout <ram0_data<24>> is never assigned.
WARNING:Xst:2565 - Inout <ram0_data<19>> is never assigned.
WARNING:Xst:2565 - Inout <ram1_data<5>> is never assigned.
WARNING:Xst:2565 - Inout <systemace_data<12>> is never assigned.
WARNING:Xst:2565 - Inout <user1<26>> is never assigned.
WARNING:Xst:2565 - Inout <user1<31>> is never assigned.
WARNING:Xst:2565 - Inout <ram0_data<25>> is never assigned.
WARNING:Xst:2565 - Inout <ram0_data<30>> is never assigned.
WARNING:Xst:2565 - Inout <ram1_data<6>> is never assigned.
WARNING:Xst:2565 - Inout <systemace_data<13>> is never assigned.
WARNING:Xst:2565 - Inout <user1<27>> is never assigned.
WARNING:Xst:2565 - Inout <ram0_data<31>> is never assigned.
WARNING:Xst:2565 - Inout <ram0_data<26>> is never assigned.
WARNING:Xst:2565 - Inout <ram1_data<7>> is never assigned.
WARNING:Xst:2565 - Inout <systemace_data<14>> is never assigned.
WARNING:Xst:2565 - Inout <user1<28>> is never assigned.
WARNING:Xst:2565 - Inout <ram0_data<32>> is never assigned.
WARNING:Xst:2565 - Inout <ram0_data<27>> is never assigned.
WARNING:Xst:2565 - Inout <ram1_data<8>> is never assigned.
WARNING:Xst:2565 - Inout <systemace_data<15>> is never assigned.
WARNING:Xst:2565 - Inout <user1<29>> is never assigned.
WARNING:Xst:2565 - Inout <ram0_data<28>> is never assigned.
WARNING:Xst:2565 - Inout <ram0_data<33>> is never assigned.
WARNING:Xst:647 - Input <systemace_mpbrdy> is never used. This port will be preserved and left unconnected if it belongs to a top-level block or it belongs to a sub-block and the hierarchy of this sub-block is preserved.
WARNING:Xst:2565 - Inout <ram1_data<9>> is never assigned.
WARNING:Xst:647 - Input <button_right> is never used. This port will be preserved and left unconnected if it belongs to a top-level block or it belongs to a sub-block and the hierarchy of this sub-block is preserved.
WARNING:Xst:2565 - Inout <ram0_data<34>> is never assigned.
WARNING:Xst:2565 - Inout <ram0_data<29>> is never assigned.
WARNING:Xst:647 - Input <button_down> is never used. This port will be preserved and left unconnected if it belongs to a top-level block or it belongs to a sub-block and the hierarchy of this sub-block is preserved.
WARNING:Xst:2565 - Inout <ram0_data<35>> is never assigned.
WARNING:Xst:647 - Input <mouse_clock> is never used. This port will be preserved and left unconnected if it belongs to a top-level block or it belongs to a sub-block and the hierarchy of this sub-block is preserved.
WARNING:Xst:647 - Input <ac97_bit_clock> is never used. This port will be preserved and left unconnected if it belongs to a top-level block or it belongs to a sub-block and the hierarchy of this sub-block is preserved.
WARNING:Xst:647 - Input <button_up> is never used. This port will be preserved and left unconnected if it belongs to a top-level block or it belongs to a sub-block and the hierarchy of this sub-block is preserved.
WARNING:Xst:2565 - Inout <user3<30>> is never assigned.
WARNING:Xst:646 - Signal <vsync> is assigned but never used. This unconnected signal will be trimmed during the optimization process.
WARNING:Xst:646 - Signal <vcount> is assigned but never used. This unconnected signal will be trimmed during the optimization process.
WARNING:Xst:1780 - Signal <updated_location> is never used or assigned. This unconnected signal will be trimmed during the optimization process.
WARNING:Xst:1780 - Signal <ultrasound_state> is never used or assigned. This unconnected signal will be trimmed during the optimization process.
WARNING:Xst:646 - Signal <ultrasound_signals> is assigned but never used. This unconnected signal will be trimmed during the optimization process.
WARNING:Xst:653 - Signal <ultrasound_power> is used but never assigned. This sourceless signal will be automatically connected to value 0000000000.
WARNING:Xst:653 - Signal <ultrasound_done> is used but never assigned. This sourceless signal will be automatically connected to value 0.
WARNING:Xst:653 - Signal <ultrasound_commands> is used but never assigned. This sourceless signal will be automatically connected to value 0000000000.
WARNING:Xst:1780 - Signal <transmit_ir> is never used or assigned. This unconnected signal will be trimmed during the optimization process.
WARNING:Xst:646 - Signal <target_location> is assigned but never used. This unconnected signal will be trimmed during the optimization process.
WARNING:Xst:1780 - Signal <run_ultrasound> is never used or assigned. This unconnected signal will be trimmed during the optimization process.
WARNING:Xst:653 - Signal <rover_orientation> is used but never assigned. This sourceless signal will be automatically connected to value 00000.
WARNING:Xst:653 - Signal <rover_location> is used but never assigned. This sourceless signal will be automatically connected to value 000000000000.
WARNING:Xst:1780 - Signal <reached_target> is never used or assigned. This unconnected signal will be trimmed during the optimization process.
WARNING:Xst:653 - Signal <pvsync> is used but never assigned. This sourceless signal will be automatically connected to value 0.
WARNING:Xst:653 - Signal <pixel> is used but never assigned. This sourceless signal will be automatically connected to value 000000000000000000000000.
WARNING:Xst:653 - Signal <phsync> is used but never assigned. This sourceless signal will be automatically connected to value 0.
WARNING:Xst:653 - Signal <pblank> is used but never assigned. This sourceless signal will be automatically connected to value 0.
WARNING:Xst:1780 - Signal <original_location> is never used or assigned. This unconnected signal will be trimmed during the optimization process.
WARNING:Xst:653 - Signal <orientation_done> is used but never assigned. This sourceless signal will be automatically connected to value 0.
WARNING:Xst:1780 - Signal <move_command> is never used or assigned. This unconnected signal will be trimmed during the optimization process.
WARNING:Xst:646 - Signal <master_on> is assigned but never used. This unconnected signal will be trimmed during the optimization process.
WARNING:Xst:653 - Signal <main_state> is used but never assigned. This sourceless signal will be automatically connected to value 0000.
WARNING:Xst:646 - Signal <hsync> is assigned but never used. This unconnected signal will be trimmed during the optimization process.
WARNING:Xst:646 - Signal <hcount> is assigned but never used. This unconnected signal will be trimmed during the optimization process.
WARNING:Xst:1780 - Signal <db_switch<7:4>> is never used or assigned. This unconnected signal will be trimmed during the optimization process.
WARNING:Xst:1780 - Signal <btnU_db> is never used or assigned. This unconnected signal will be trimmed during the optimization process.
WARNING:Xst:1780 - Signal <btnR_db> is never used or assigned. This unconnected signal will be trimmed during the optimization process.
WARNING:Xst:1780 - Signal <btnL_db> is never used or assigned. This unconnected signal will be trimmed during the optimization process.
WARNING:Xst:1780 - Signal <btnD_db> is never used or assigned. This unconnected signal will be trimmed during the optimization process.
WARNING:Xst:1780 - Signal <btn1_db> is never used or assigned. This unconnected signal will be trimmed during the optimization process.
WARNING:Xst:1780 - Signal <btn0_db> is never used or assigned. This unconnected signal will be trimmed during the optimization process.
WARNING:Xst:646 - Signal <blank> is assigned but never used. This unconnected signal will be trimmed during the optimization process.
    Found 64-bit register for signal <my_hex_data>.
    Summary:
	inferred  64 D-type flip-flop(s).
Unit <labkit> synthesized.

INFO:Xst:1767 - HDL ADVISOR - Resource sharing has identified that some arithmetic operations in this design can share the same physical resources for reduced device utilization. For improved clock frequency you may try to disable resource sharing.
WARNING:Xst:524 - All outputs of the instance <e1> of the block <edge_detect> are unconnected in block <labkit>.
   This instance will be removed from the design along with all underlying logic

=========================================================================
HDL Synthesis Report

Macro Statistics
# ROMs                                                 : 1
 16x40-bit ROM                                         : 1
# Adders/Subtractors                                   : 3
 10-bit addsub                                         : 1
 4-bit adder                                           : 1
 4-bit subtractor                                      : 1
# Counters                                             : 14
 10-bit up counter                                     : 2
 11-bit up counter                                     : 3
 19-bit up counter                                     : 7
 5-bit up counter                                      : 1
 8-bit down counter                                    : 1
# Registers                                            : 32
 1-bit register                                        : 25
 10-bit register                                       : 2
 12-bit register                                       : 1
 32-bit register                                       : 1
 4-bit register                                        : 2
 64-bit register                                       : 1
# Comparators                                          : 3
 10-bit comparator equal                               : 1
 11-bit comparator less                                : 1
 5-bit comparator not equal                            : 1
# Multiplexers                                         : 2
 1-bit 40-to-1 multiplexer                             : 1
 4-bit 16-to-1 multiplexer                             : 1
# Xors                                                 : 7
 1-bit xor2                                            : 7

=========================================================================

=========================================================================
*                       Advanced HDL Synthesis                          *
=========================================================================

Analyzing FSM <FSM_1> for best encoding.
Optimizing FSM <transmitter/state/FSM> on signal <state[1:3]> with gray encoding.
-------------------
 State | Encoding
-------------------
 000   | 000
 001   | 001
 010   | 011
 011   | 010
 100   | 110
-------------------
Analyzing FSM <FSM_0> for best encoding.
Optimizing FSM <disp/state/FSM> on signal <state[1:3]> with sequential encoding.
----------------------
 State    | Encoding
----------------------
 00000000 | 000
 00000001 | 001
 00000010 | 010
 00000011 | 011
 00000100 | 100
 00000101 | 101
 00000110 | 110
----------------------
Loading device for application Rf_Device from file '2v6000.nph' in environment /afs/csail.mit.edu/proj/redsocs/Xilinx10.1/ISE.
WARNING:Xst:2404 -  FFs/Latches <my_hex_data<63:32>> (without init value) have a constant value of 0 in block <labkit>.
WARNING:Xst:2404 -  FFs/Latches <cur_value<11:11>> (without init value) have a constant value of 0 in block <ir_transmitter>.
WARNING:Xst:2404 -  FFs/Latches <cur_value<10:10>> (without init value) have a constant value of 0 in block <ir_transmitter>.
WARNING:Xst:2404 -  FFs/Latches <cur_value<9:9>> (without init value) have a constant value of 0 in block <ir_transmitter>.
WARNING:Xst:1710 - FF/Latch <cur_value_8> (without init value) has a constant value of 0 in block <ir_transmitter>. This FF/Latch will be trimmed during the optimization process.
WARNING:Xst:1710 - FF/Latch <my_hex_data_31> (without init value) has a constant value of 1 in block <labkit>. This FF/Latch will be trimmed during the optimization process.
WARNING:Xst:1895 - Due to other FF/Latch trimming, FF/Latch <my_hex_data_30> (without init value) has a constant value of 1 in block <labkit>. This FF/Latch will be trimmed during the optimization process.
WARNING:Xst:1895 - Due to other FF/Latch trimming, FF/Latch <my_hex_data_29> (without init value) has a constant value of 1 in block <labkit>. This FF/Latch will be trimmed during the optimization process.
WARNING:Xst:1895 - Due to other FF/Latch trimming, FF/Latch <my_hex_data_28> (without init value) has a constant value of 1 in block <labkit>. This FF/Latch will be trimmed during the optimization process.
WARNING:Xst:1895 - Due to other FF/Latch trimming, FF/Latch <my_hex_data_27> (without init value) has a constant value of 1 in block <labkit>. This FF/Latch will be trimmed during the optimization process.
WARNING:Xst:1895 - Due to other FF/Latch trimming, FF/Latch <my_hex_data_26> (without init value) has a constant value of 1 in block <labkit>. This FF/Latch will be trimmed during the optimization process.
WARNING:Xst:1895 - Due to other FF/Latch trimming, FF/Latch <my_hex_data_25> (without init value) has a constant value of 1 in block <labkit>. This FF/Latch will be trimmed during the optimization process.
WARNING:Xst:1895 - Due to other FF/Latch trimming, FF/Latch <my_hex_data_24> (without init value) has a constant value of 1 in block <labkit>. This FF/Latch will be trimmed during the optimization process.
WARNING:Xst:1895 - Due to other FF/Latch trimming, FF/Latch <my_hex_data_23> (without init value) has a constant value of 0 in block <labkit>. This FF/Latch will be trimmed during the optimization process.
WARNING:Xst:1895 - Due to other FF/Latch trimming, FF/Latch <my_hex_data_22> (without init value) has a constant value of 0 in block <labkit>. This FF/Latch will be trimmed during the optimization process.
WARNING:Xst:1895 - Due to other FF/Latch trimming, FF/Latch <my_hex_data_21> (without init value) has a constant value of 0 in block <labkit>. This FF/Latch will be trimmed during the optimization process.
WARNING:Xst:1895 - Due to other FF/Latch trimming, FF/Latch <my_hex_data_19> (without init value) has a constant value of 1 in block <labkit>. This FF/Latch will be trimmed during the optimization process.
WARNING:Xst:1895 - Due to other FF/Latch trimming, FF/Latch <my_hex_data_18> (without init value) has a constant value of 1 in block <labkit>. This FF/Latch will be trimmed during the optimization process.
WARNING:Xst:1895 - Due to other FF/Latch trimming, FF/Latch <my_hex_data_17> (without init value) has a constant value of 1 in block <labkit>. This FF/Latch will be trimmed during the optimization process.
WARNING:Xst:1895 - Due to other FF/Latch trimming, FF/Latch <my_hex_data_16> (without init value) has a constant value of 1 in block <labkit>. This FF/Latch will be trimmed during the optimization process.
WARNING:Xst:1895 - Due to other FF/Latch trimming, FF/Latch <my_hex_data_15> (without init value) has a constant value of 1 in block <labkit>. This FF/Latch will be trimmed during the optimization process.
WARNING:Xst:1895 - Due to other FF/Latch trimming, FF/Latch <my_hex_data_14> (without init value) has a constant value of 1 in block <labkit>. This FF/Latch will be trimmed during the optimization process.
WARNING:Xst:1895 - Due to other FF/Latch trimming, FF/Latch <my_hex_data_13> (without init value) has a constant value of 1 in block <labkit>. This FF/Latch will be trimmed during the optimization process.
WARNING:Xst:1895 - Due to other FF/Latch trimming, FF/Latch <my_hex_data_12> (without init value) has a constant value of 1 in block <labkit>. This FF/Latch will be trimmed during the optimization process.
WARNING:Xst:1895 - Due to other FF/Latch trimming, FF/Latch <my_hex_data_11> (without init value) has a constant value of 1 in block <labkit>. This FF/Latch will be trimmed during the optimization process.
WARNING:Xst:1895 - Due to other FF/Latch trimming, FF/Latch <my_hex_data_10> (without init value) has a constant value of 1 in block <labkit>. This FF/Latch will be trimmed during the optimization process.
WARNING:Xst:1895 - Due to other FF/Latch trimming, FF/Latch <my_hex_data_9> (without init value) has a constant value of 1 in block <labkit>. This FF/Latch will be trimmed during the optimization process.
WARNING:Xst:1895 - Due to other FF/Latch trimming, FF/Latch <my_hex_data_8> (without init value) has a constant value of 1 in block <labkit>. This FF/Latch will be trimmed during the optimization process.
WARNING:Xst:1895 - Due to other FF/Latch trimming, FF/Latch <my_hex_data_7> (without init value) has a constant value of 1 in block <labkit>. This FF/Latch will be trimmed during the optimization process.
WARNING:Xst:1895 - Due to other FF/Latch trimming, FF/Latch <my_hex_data_6> (without init value) has a constant value of 1 in block <labkit>. This FF/Latch will be trimmed during the optimization process.
WARNING:Xst:1895 - Due to other FF/Latch trimming, FF/Latch <my_hex_data_5> (without init value) has a constant value of 1 in block <labkit>. This FF/Latch will be trimmed during the optimization process.
WARNING:Xst:1895 - Due to other FF/Latch trimming, FF/Latch <my_hex_data_4> (without init value) has a constant value of 1 in block <labkit>. This FF/Latch will be trimmed during the optimization process.
WARNING:Xst:1895 - Due to other FF/Latch trimming, FF/Latch <my_hex_data_3> (without init value) has a constant value of 1 in block <labkit>. This FF/Latch will be trimmed during the optimization process.
WARNING:Xst:1895 - Due to other FF/Latch trimming, FF/Latch <my_hex_data_2> (without init value) has a constant value of 1 in block <labkit>. This FF/Latch will be trimmed during the optimization process.
WARNING:Xst:1895 - Due to other FF/Latch trimming, FF/Latch <my_hex_data_1> (without init value) has a constant value of 1 in block <labkit>. This FF/Latch will be trimmed during the optimization process.
WARNING:Xst:1895 - Due to other FF/Latch trimming, FF/Latch <my_hex_data_0> (without init value) has a constant value of 1 in block <labkit>. This FF/Latch will be trimmed during the optimization process.
WARNING:Xst:1710 - FF/Latch <count_length_0> (without init value) has a constant value of 0 in block <t>. This FF/Latch will be trimmed during the optimization process.
WARNING:Xst:1710 - FF/Latch <count_length_1> (without init value) has a constant value of 0 in block <t>. This FF/Latch will be trimmed during the optimization process.
WARNING:Xst:1710 - FF/Latch <count_length_2> (without init value) has a constant value of 0 in block <t>. This FF/Latch will be trimmed during the optimization process.
WARNING:Xst:1710 - FF/Latch <count_length_7> (without init value) has a constant value of 0 in block <t>. This FF/Latch will be trimmed during the optimization process.
WARNING:Xst:1710 - FF/Latch <count_length_9> (without init value) has a constant value of 0 in block <t>. This FF/Latch will be trimmed during the optimization process.
WARNING:Xst:2677 - Node <clean> of sequential type is unconnected in block <db_3>.
WARNING:Xst:2677 - Node <clean> of sequential type is unconnected in block <db_S0>.
WARNING:Xst:2677 - Node <clean> of sequential type is unconnected in block <db_S1>.
WARNING:Xst:2677 - Node <clean> of sequential type is unconnected in block <db_S2>.
WARNING:Xst:2677 - Node <clean> of sequential type is unconnected in block <db_S3>.
WARNING:Xst:2677 - Node <hblank> of sequential type is unconnected in block <xvga1>.
WARNING:Xst:2677 - Node <hsync> of sequential type is unconnected in block <xvga1>.
WARNING:Xst:2677 - Node <blank> of sequential type is unconnected in block <xvga1>.
WARNING:Xst:2677 - Node <vblank> of sequential type is unconnected in block <xvga1>.
WARNING:Xst:2677 - Node <vsync> of sequential type is unconnected in block <xvga1>.

=========================================================================
Advanced HDL Synthesis Report

Macro Statistics
# ROMs                                                 : 1
 16x40-bit ROM                                         : 1
# Adders/Subtractors                                   : 3
 10-bit addsub                                         : 1
 4-bit adder                                           : 1
 4-bit subtractor                                      : 1
# Counters                                             : 14
 10-bit up counter                                     : 2
 11-bit up counter                                     : 3
 19-bit up counter                                     : 7
 5-bit up counter                                      : 1
 8-bit down counter                                    : 1
# Registers                                            : 100
 Flip-Flops                                            : 100
# Comparators                                          : 3
 10-bit comparator equal                               : 1
 11-bit comparator less                                : 1
 5-bit comparator not equal                            : 1
# Multiplexers                                         : 2
 1-bit 40-to-1 multiplexer                             : 1
 4-bit 16-to-1 multiplexer                             : 1
# Xors                                                 : 7
 1-bit xor2                                            : 7

=========================================================================

=========================================================================
*                         Low Level Synthesis                           *
=========================================================================
INFO:Xst:2261 - The FF/Latch <count_length_0> in Unit <timer> is equivalent to the following 4 FFs/Latches, which will be removed : <count_length_1> <count_length_2> <count_length_7> <count_length_9> 
INFO:Xst:2261 - The FF/Latch <count_length_6> in Unit <timer> is equivalent to the following FF/Latch, which will be removed : <count_length_8> 
WARNING:Xst:1710 - FF/Latch <count_length_0> (without init value) has a constant value of 0 in block <timer>. This FF/Latch will be trimmed during the optimization process.
WARNING:Xst:2677 - Node <db_S3/clean> of sequential type is unconnected in block <labkit>.
WARNING:Xst:2677 - Node <db_S3/new> of sequential type is unconnected in block <labkit>.
WARNING:Xst:2677 - Node <db_S2/clean> of sequential type is unconnected in block <labkit>.
WARNING:Xst:2677 - Node <db_S2/new> of sequential type is unconnected in block <labkit>.
WARNING:Xst:2677 - Node <db_S1/clean> of sequential type is unconnected in block <labkit>.
WARNING:Xst:2677 - Node <db_S1/new> of sequential type is unconnected in block <labkit>.
WARNING:Xst:2677 - Node <db_S0/clean> of sequential type is unconnected in block <labkit>.
WARNING:Xst:2677 - Node <db_S0/new> of sequential type is unconnected in block <labkit>.
WARNING:Xst:2677 - Node <db_3/clean> of sequential type is unconnected in block <labkit>.
WARNING:Xst:2677 - Node <db_3/new> of sequential type is unconnected in block <labkit>.

Optimizing unit <labkit> ...

Optimizing unit <xvga> ...

Optimizing unit <display_16hex_labkit> ...

Optimizing unit <timer> ...

Optimizing unit <ir_transmitter> ...
WARNING:Xst:2677 - Node <xvga1/vcount_9> of sequential type is unconnected in block <labkit>.
WARNING:Xst:2677 - Node <xvga1/vcount_8> of sequential type is unconnected in block <labkit>.
WARNING:Xst:2677 - Node <xvga1/vcount_7> of sequential type is unconnected in block <labkit>.
WARNING:Xst:2677 - Node <xvga1/vcount_6> of sequential type is unconnected in block <labkit>.
WARNING:Xst:2677 - Node <xvga1/vcount_5> of sequential type is unconnected in block <labkit>.
WARNING:Xst:2677 - Node <xvga1/vcount_4> of sequential type is unconnected in block <labkit>.
WARNING:Xst:2677 - Node <xvga1/vcount_3> of sequential type is unconnected in block <labkit>.
WARNING:Xst:2677 - Node <xvga1/vcount_2> of sequential type is unconnected in block <labkit>.
WARNING:Xst:2677 - Node <xvga1/vcount_1> of sequential type is unconnected in block <labkit>.
WARNING:Xst:2677 - Node <xvga1/vcount_0> of sequential type is unconnected in block <labkit>.
WARNING:Xst:2677 - Node <xvga1/hcount_10> of sequential type is unconnected in block <labkit>.
WARNING:Xst:2677 - Node <xvga1/hcount_9> of sequential type is unconnected in block <labkit>.
WARNING:Xst:2677 - Node <xvga1/hcount_8> of sequential type is unconnected in block <labkit>.
WARNING:Xst:2677 - Node <xvga1/hcount_7> of sequential type is unconnected in block <labkit>.
WARNING:Xst:2677 - Node <xvga1/hcount_6> of sequential type is unconnected in block <labkit>.
WARNING:Xst:2677 - Node <xvga1/hcount_5> of sequential type is unconnected in block <labkit>.
WARNING:Xst:2677 - Node <xvga1/hcount_4> of sequential type is unconnected in block <labkit>.
WARNING:Xst:2677 - Node <xvga1/hcount_3> of sequential type is unconnected in block <labkit>.
WARNING:Xst:2677 - Node <xvga1/hcount_2> of sequential type is unconnected in block <labkit>.
WARNING:Xst:2677 - Node <xvga1/hcount_1> of sequential type is unconnected in block <labkit>.
WARNING:Xst:2677 - Node <xvga1/hcount_0> of sequential type is unconnected in block <labkit>.
WARNING:Xst:2677 - Node <xvga1/vsync> of sequential type is unconnected in block <labkit>.
WARNING:Xst:2677 - Node <xvga1/vblank> of sequential type is unconnected in block <labkit>.
WARNING:Xst:2677 - Node <xvga1/blank> of sequential type is unconnected in block <labkit>.
WARNING:Xst:2677 - Node <xvga1/hsync> of sequential type is unconnected in block <labkit>.
WARNING:Xst:2677 - Node <xvga1/hblank> of sequential type is unconnected in block <labkit>.

Mapping all equations...
Building and optimizing final netlist ...
Found area constraint ratio of 100 (+ 5) on block labkit, actual ratio is 0.
FlipFlop disp/dot_index_0 has been replicated 1 time(s)

Final Macro Processing ...

Processing Unit <labkit> :
	Found 7-bit shift register for signal <disp/control_30>.
	Found 7-bit shift register for signal <disp/control_22>.
	Found 7-bit shift register for signal <disp/control_14>.
	Found 7-bit shift register for signal <disp/control_6>.
Unit <labkit> processed.

=========================================================================
Final Register Report

Macro Statistics
# Registers                                            : 135
 Flip-Flops                                            : 135
# Shift Registers                                      : 4
 7-bit shift register                                  : 4

=========================================================================

=========================================================================
*                           Partition Report                             *
=========================================================================

Partition Implementation Status
-------------------------------

  No Partitions were found in this design.

-------------------------------

=========================================================================
*                            Final Report                               *
=========================================================================
Final Results
RTL Top Level Output File Name     : labkit.ngr
Top Level Output File Name         : labkit
Output Format                      : NGC
Optimization Goal                  : Speed
Keep Hierarchy                     : NO

Design Statistics
# IOs                              : 576

Cell Usage :
# BELS                             : 504
#      GND                         : 1
#      INV                         : 21
#      LUT1                        : 70
#      LUT2                        : 30
#      LUT2_D                      : 4
#      LUT2_L                      : 1
#      LUT3                        : 39
#      LUT3_D                      : 4
#      LUT3_L                      : 4
#      LUT4                        : 123
#      LUT4_D                      : 7
#      LUT4_L                      : 10
#      MUXCY                       : 90
#      MUXF5                       : 17
#      MUXF6                       : 3
#      MUXF7                       : 1
#      VCC                         : 1
#      XORCY                       : 78
# FlipFlops/Latches                : 149
#      FD                          : 1
#      FDE                         : 32
#      FDR                         : 36
#      FDRE                        : 53
#      FDRS                        : 16
#      FDRSE                       : 1
#      FDSE                        : 10
# Shift Registers                  : 5
#      SRL16                       : 1
#      SRL16E                      : 4
# Clock Buffers                    : 3
#      BUFG                        : 3
# IO Buffers                       : 264
#      IBUF                        : 2
#      IBUFG                       : 1
#      OBUF                        : 261
# DCMs                             : 1
#      DCM                         : 1
=========================================================================

Device utilization summary:
---------------------------

Selected Device : 2v6000bf957-4 

 Number of Slices:                      164  out of  33792     0%  
 Number of Slice Flip Flops:            149  out of  67584     0%  
 Number of 4 input LUTs:                318  out of  67584     0%  
    Number used as logic:               313
    Number used as Shift registers:       5
 Number of IOs:                         576
 Number of bonded IOBs:                 264  out of    684    38%  
 Number of GCLKs:                         3  out of     16    18%  
 Number of DCMs:                          1  out of     12     8%  

---------------------------
Partition Resource Summary:
---------------------------

  No Partitions were found in this design.

---------------------------


=========================================================================
TIMING REPORT

NOTE: THESE TIMING NUMBERS ARE ONLY A SYNTHESIS ESTIMATE.
      FOR ACCURATE TIMING INFORMATION PLEASE REFER TO THE TRACE REPORT
      GENERATED AFTER PLACE-and-ROUTE.

Clock Information:
------------------
-----------------------------------+------------------------+-------+
Clock Signal                       | Clock buffer(FF name)  | Load  |
-----------------------------------+------------------------+-------+
clock_27mhz                        | IBUFG+BUFG             | 110   |
disp/clock1                        | BUFG                   | 44    |
-----------------------------------+------------------------+-------+

Asynchronous Control Signals Information:
----------------------------------------
No asynchronous control signals found in this design

Timing Summary:
---------------
Speed Grade: -4

   Minimum period: 8.149ns (Maximum Frequency: 122.707MHz)
   Minimum input arrival time before clock: 3.540ns
   Maximum output required time after clock: 9.444ns
   Maximum combinational path delay: No path found

Timing Detail:
--------------
All values displayed in nanoseconds (ns)

=========================================================================
Timing constraint: Default period analysis for Clock 'clock_27mhz'
  Clock period: 7.665ns (frequency: 130.472MHz)
  Total number of paths / destination ports: 3407 / 268
-------------------------------------------------------------------------
Delay:               7.665ns (Levels of Logic = 5)
  Source:            transmitter/t/count_length_6 (FF)
  Destination:       transmitter/t/count_0 (FF)
  Source Clock:      clock_27mhz rising
  Destination Clock: clock_27mhz rising

  Data Path: transmitter/t/count_length_6 to transmitter/t/count_0
                                Gate     Net
    Cell:in->out      fanout   Delay   Delay  Logical Name (Net Name)
    ----------------------------------------  ------------
     FDE:C->Q              2   0.568   0.910  transmitter/t/count_length_6 (transmitter/t/count_length_6)
     LUT4:I1->O            1   0.439   0.726  transmitter/t/expired_cmp_eq00001053 (transmitter/t/expired_cmp_eq00001053)
     LUT4_D:I1->LO         1   0.439   0.308  transmitter/t/expired_cmp_eq000010110 (N167)
     LUT2:I1->O           11   0.439   0.942  transmitter/t/expired1 (transmitter/expired)
     LUT4:I2->O            3   0.439   0.758  transmitter/start_timer (transmitter/start_timer)
     LUT3:I2->O           14   0.439   0.978  transmitter/t/count_and00001 (transmitter/t/count_and0000)
     FDRE:R                    0.280          transmitter/t/count_0
    ----------------------------------------
    Total                      7.665ns (3.043ns logic, 4.622ns route)
                                       (39.7% logic, 60.3% route)

=========================================================================
Timing constraint: Default period analysis for Clock 'disp/clock1'
  Clock period: 8.149ns (frequency: 122.707MHz)
  Total number of paths / destination ports: 1300 / 77
-------------------------------------------------------------------------
Delay:               8.149ns (Levels of Logic = 7)
  Source:            disp/dot_index_4 (FF)
  Destination:       disp/dot_index_8 (FF)
  Source Clock:      disp/clock1 rising
  Destination Clock: disp/clock1 rising

  Data Path: disp/dot_index_4 to disp/dot_index_8
                                Gate     Net
    Cell:in->out      fanout   Delay   Delay  Logical Name (Net Name)
    ----------------------------------------  ------------
     FDRS:C->Q            14   0.568   1.186  disp/dot_index_4 (disp/dot_index_4)
     LUT2:I1->O            1   0.439   0.557  disp/dot_index_mux0000<4>5_SW0 (N43)
     LUT4_D:I3->O          4   0.439   0.787  disp/dot_index_mux0000<4>5 (disp/N25)
     LUT4:I3->O           10   0.439   0.919  disp/Maddsub_dot_index_share0000_cy<5>1 (disp/Maddsub_dot_index_share0000_cy<5>)
     LUT4_L:I2->LO         1   0.439   0.134  disp/dot_index_mux0000<0>921_SW2 (N89)
     LUT4:I2->O            1   0.439   0.558  disp/dot_index_mux0000<1>32 (disp/dot_index_mux0000<1>32)
     LUT4:I3->O            1   0.439   0.000  disp/dot_index_mux0000<1>671 (disp/dot_index_mux0000<1>67)
     MUXF5:I1->O           1   0.436   0.000  disp/dot_index_mux0000<1>67_f5 (disp/dot_index_mux0000<1>)
     FDR:D                     0.370          disp/dot_index_8
    ----------------------------------------
    Total                      8.149ns (4.008ns logic, 4.141ns route)
                                       (49.2% logic, 50.8% route)

=========================================================================
Timing constraint: Default OFFSET IN BEFORE for Clock 'clock_27mhz'
  Total number of paths / destination ports: 46 / 46
-------------------------------------------------------------------------
Offset:              3.540ns (Levels of Logic = 2)
  Source:            button_enter (PAD)
  Destination:       db_E/count_0 (FF)
  Destination Clock: clock_27mhz rising

  Data Path: button_enter to db_E/count_0
                                Gate     Net
    Cell:in->out      fanout   Delay   Delay  Logical Name (Net Name)
    ----------------------------------------  ------------
     IBUF:I->O             4   0.825   0.955  button_enter_IBUF (button_enter_IBUF)
     LUT3:I1->O           20   0.439   1.041  db_E/count_or00001 (db_E/count_or0000)
     FDRE:R                    0.280          db_E/count_0
    ----------------------------------------
    Total                      3.540ns (1.544ns logic, 1.996ns route)
                                       (43.6% logic, 56.4% route)

=========================================================================
Timing constraint: Default OFFSET OUT AFTER for Clock 'clock_27mhz'
  Total number of paths / destination ports: 15 / 2
-------------------------------------------------------------------------
Offset:              9.444ns (Levels of Logic = 11)
  Source:            transmitter/mod_count_0 (FF)
  Destination:       user3<31> (PAD)
  Source Clock:      clock_27mhz rising

  Data Path: transmitter/mod_count_0 to user3<31>
                                Gate     Net
    Cell:in->out      fanout   Delay   Delay  Logical Name (Net Name)
    ----------------------------------------  ------------
     FDR:C->Q              3   0.568   1.010  transmitter/mod_count_0 (transmitter/mod_count_0)
     LUT1:I0->O            1   0.439   0.000  transmitter/Mcompar_signal_out_cmp_lt0000_cy<0>_rt (transmitter/Mcompar_signal_out_cmp_lt0000_cy<0>_rt)
     MUXCY:S->O            1   0.298   0.000  transmitter/Mcompar_signal_out_cmp_lt0000_cy<0> (transmitter/Mcompar_signal_out_cmp_lt0000_cy<0>)
     MUXCY:CI->O           1   0.053   0.000  transmitter/Mcompar_signal_out_cmp_lt0000_cy<1> (transmitter/Mcompar_signal_out_cmp_lt0000_cy<1>)
     MUXCY:CI->O           1   0.053   0.000  transmitter/Mcompar_signal_out_cmp_lt0000_cy<2> (transmitter/Mcompar_signal_out_cmp_lt0000_cy<2>)
     MUXCY:CI->O           1   0.053   0.000  transmitter/Mcompar_signal_out_cmp_lt0000_cy<3> (transmitter/Mcompar_signal_out_cmp_lt0000_cy<3>)
     MUXCY:CI->O           1   0.053   0.000  transmitter/Mcompar_signal_out_cmp_lt0000_cy<4> (transmitter/Mcompar_signal_out_cmp_lt0000_cy<4>)
     MUXCY:CI->O           1   0.053   0.000  transmitter/Mcompar_signal_out_cmp_lt0000_cy<5> (transmitter/Mcompar_signal_out_cmp_lt0000_cy<5>)
     MUXCY:CI->O           1   0.053   0.000  transmitter/Mcompar_signal_out_cmp_lt0000_cy<6> (transmitter/Mcompar_signal_out_cmp_lt0000_cy<6>)
     MUXCY:CI->O           1   0.942   0.551  transmitter/Mcompar_signal_out_cmp_lt0000_cy<7> (transmitter/Mcompar_signal_out_cmp_lt0000_cy<7>)
     LUT4:I2->O            1   0.439   0.517  transmitter/signal_out1 (user3_31_OBUF)
     OBUF:I->O                 4.361          user3_31_OBUF (user3<31>)
    ----------------------------------------
    Total                      9.444ns (7.365ns logic, 2.078ns route)
                                       (78.0% logic, 22.0% route)

=========================================================================
Timing constraint: Default OFFSET OUT AFTER for Clock 'disp/clock1'
  Total number of paths / destination ports: 4 / 4
-------------------------------------------------------------------------
Offset:              5.630ns (Levels of Logic = 1)
  Source:            disp/disp_rs (FF)
  Destination:       disp_rs (PAD)
  Source Clock:      disp/clock1 rising

  Data Path: disp/disp_rs to disp_rs
                                Gate     Net
    Cell:in->out      fanout   Delay   Delay  Logical Name (Net Name)
    ----------------------------------------  ------------
     FDE:C->Q              2   0.568   0.701  disp/disp_rs (disp/disp_rs)
     OBUF:I->O                 4.361          disp_rs_OBUF (disp_rs)
    ----------------------------------------
    Total                      5.630ns (4.929ns logic, 0.701ns route)
                                       (87.5% logic, 12.5% route)

=========================================================================


Total REAL time to Xst completion: 9.00 secs
Total CPU time to Xst completion: 8.05 secs
 
--> 


Total memory usage is 467128 kilobytes

Number of errors   :    0 (   0 filtered)
Number of warnings :  402 (   0 filtered)
Number of infos    :   13 (   0 filtered)

